<?xml version="1.0" encoding="UTF-8" standalone="yes" ?>
<test-results name="C:\DelphiProjectMVP\Testes\Win32\Debug\ProvaDelphiAppTestes.exe" total="9" errors="0" failures="0" ignored="0" inconclusive="0" not-run="0" skipped="0" invalid="0" date="2026-04-20" time="4.483">
  <culture-info current-culture="en" current-uiculture="en" />
  <test-suite type="Assembly" name="ProvaDelphiAppTestes.exe" executed="true" result="Success" success="True" time="4.483" asserts="0">
    <results>
        <test-suite type="Namespace" name="Model" executed="true" result="Success" success="True" time="0.002" asserts="0" >
          <results>
              <test-suite type="Fixture" name="TProjetosTotalDivisoesTeste" executed="True" result="Success" success="True" time="0.002" >
                <results>
                  <test-case name="Test1" executed="True" result="Success" success="True" time="0.000" asserts="0" />
                </results>
              </test-suite>
          </results>
        </test-suite>
        <test-suite type="Namespace" name="Presenter" executed="true" result="Success" success="True" time="2.663" asserts="0" >
          <results>
              <test-suite type="Fixture" name="TPresenterGeradorSQLTeste" executed="True" result="Success" success="True" time="2.663" >
                <results>
                  <test-case name="TestGerarSQLSucesso" executed="True" result="Success" success="True" time="0.001" asserts="0" />
                  <test-case name="TestGerarSQLComColunasVazias" executed="True" result="Success" success="True" time="1.593" asserts="0" />
                  <test-case name="TestGerarSQLComTabelaVazia" executed="True" result="Success" success="True" time="1.069" asserts="0" />
                </results>
              </test-suite>
          </results>
        </test-suite>
        <test-suite type="Namespace" name="uspQueryTeste" executed="true" result="Success" success="True" time="1.818" asserts="0" >
          <results>
              <test-suite type="Fixture" name="TuspQueryTeste" executed="True" result="Success" success="True" time="1.818" >
                <results>
                  <test-case name="Test_GerarSQL_DeveGerar_SQLValido" executed="True" result="Success" success="True" time="0.000" asserts="0" />
                  <test-case name="Test_GerarSQL_DeveGerar_SQLQuandoCondicoesSaoVazias" executed="True" result="Success" success="True" time="0.001" asserts="0" />
                  <test-case name="Test_GerarSQL_DeveFalhar_QuandoTabelaInvalida" executed="True" result="Success" success="True" time="0.851" asserts="0" />
                  <test-case name="Test_GerarSQL_DeveFalhar_QuandoColunasVazias" executed="True" result="Success" success="True" time="0.510" asserts="0" />
                  <test-case name="Test_GerarSQL_DeveFalhar_QuandoColunasApenasWhitespace" executed="True" result="Success" success="True" time="0.455" asserts="0" />
                </results>
              </test-suite>
          </results>
        </test-suite>
    </results>
  </test-suite>
</test-results>
